<?xml version="1.0" encoding="UTF-8"?>
<!-- Generated by org.testng.reporters.JUnitReportReporter -->
<testsuite hostname="DESKTOP-SGL5ETC" failures="0" tests="3" name="TestMainPage" time="19.684" errors="0" timestamp="17 июн. 2022 19:48:10 GMT" skipped="0">
  <testcase classname="TestMainPage" name="clickSignUpButton" time="8.168"/>
  <testcase classname="TestMainPage" name="clickToLogo" time="5.084"/>
  <testcase classname="TestMainPage" name="clickSignInButton" time="6.432"/>
</testsuite> <!-- TestMainPage -->
