<?xml version="1.0" encoding="UTF-8"?>
<!-- Generated by org.testng.reporters.JUnitReportReporter -->
<testsuite hostname="DESKTOP-SGL5ETC" failures="0" tests="3" name="LoginPageTest" time="4.777" errors="0" timestamp="17 июн. 2022 19:48:10 GMT" skipped="0">
  <testcase classname="LoginPageTest" name="loginTest" time="1.668"/>
  <testcase classname="LoginPageTest" name="clickToLogo" time="1.205"/>
  <testcase classname="LoginPageTest" name="clickToCreatLink" time="1.904"/>
</testsuite> <!-- LoginPageTest -->
